<?xml version="1.0" encoding="UTF-8"?>
<!-- Generated by org.testng.reporters.JUnitReportReporter -->
<testsuite hostname="administrators-MacBook-Pro-2.local" name="com.twothreeandme.OrderTest" tests="1" failures="0" timestamp="24 Apr 2016 06:33:16 GMT" time="107.797" errors="0">
  <testcase name="firstFlow" time="107.797" classname="com.twothreeandme.OrderTest"/>
</testsuite> <!-- com.twothreeandme.OrderTest -->
