<?xml version="1.0" encoding="UTF-8"?>
<!-- Generated by org.testng.reporters.JUnitReportReporter -->
<testsuite hostname="administrators-MacBook-Pro-2.local" name="com.twothreeandme.OrderTest" tests="1" failures="0" timestamp="23 Apr 2016 23:31:38 GMT" time="118.671" errors="0">
  <testcase name="firstFlow" time="118.671" classname="com.twothreeandme.OrderTest"/>
</testsuite> <!-- com.twothreeandme.OrderTest -->
